<?xml version="1.0" encoding="UTF-8"?>
<!-- Generated by org.testng.reporters.JUnitReportReporter -->
<testsuite skipped="0" hostname="kali" name="seleniumlab.FirefoxLogin" tests="1" failures="0" timestamp="2020-03-14T21:08:33 IST" time="2.473" errors="0">
  <testcase name="addcredentials" time="2.473" classname="seleniumlab.FirefoxLogin"/>
</testsuite> <!-- seleniumlab.FirefoxLogin -->
