<?xml version="1.0" encoding="UTF-8"?>
<!-- Generated by org.testng.reporters.JUnitReportReporter -->
<testsuite skipped="0" hostname="kali" name="seleniumlab.FirefoxSearch" tests="5" failures="0" timestamp="2020-03-14T21:01:52 IST" time="30.102" errors="0">
  <testcase name="insertkeys" time="18.271" classname="seleniumlab.FirefoxSearch"/>
  <testcase name="coursepicker" time="8.899" classname="seleniumlab.FirefoxSearch"/>
  <testcase name="assertions2" time="1.677" classname="seleniumlab.FirefoxSearch"/>
  <testcase name="showphotos" time="0.508" classname="seleniumlab.FirefoxSearch"/>
  <testcase name="downloadsyllabus" time="0.747" classname="seleniumlab.FirefoxSearch"/>
</testsuite> <!-- seleniumlab.FirefoxSearch -->
